2024-12-26 05:57:09,565 - main - INFO - Starting camera...
2024-12-26 05:57:12,041 - camera - INFO - 相机设备初始化成功
2024-12-26 05:57:12,042 - camera - INFO - 开始相机捕获循环
2024-12-26 05:57:12,042 - camera - INFO - 相机启动成功
2024-12-26 05:57:12,042 - camera - INFO - 正在停止相机...
2024-12-26 05:57:12,775 - camera - INFO - 相机已停止
2024-12-26 05:57:49,776 - main - INFO - Starting camera...
2024-12-26 05:57:51,856 - camera - INFO - 相机设备初始化成功
2024-12-26 05:57:51,856 - camera - INFO - 开始相机捕获循环
2024-12-26 05:57:51,856 - camera - INFO - 相机启动成功
2024-12-26 05:57:51,857 - camera - INFO - 正在停止相机...
2024-12-26 05:57:52,544 - camera - INFO - 相机已停止
2024-12-26 06:01:14,992 - main - INFO - Starting camera...
2024-12-26 06:01:16,985 - camera - INFO - 相机设备初始化成功
2024-12-26 06:01:16,985 - camera - INFO - 开始相机捕获循环
2024-12-26 06:01:16,985 - camera - INFO - 相机启动成功
2024-12-26 06:01:17,465 - main - INFO - Starting display loop...
2024-12-26 06:01:34,694 - main - INFO - Display window closed by user
2024-12-26 06:01:34,694 - main - INFO - Cleaning up...
2024-12-26 06:01:34,694 - camera - INFO - 正在停止相机...
2024-12-26 06:01:34,970 - camera - INFO - 相机已停止
2024-12-26 06:01:34,971 - main - INFO - Cleanup completed
2024-12-26 06:01:52,887 - main - INFO - Starting camera...
2024-12-26 06:01:54,833 - camera - INFO - 相机设备初始化成功
2024-12-26 06:01:54,834 - camera - INFO - 开始相机捕获循环
2024-12-26 06:01:54,834 - camera - INFO - 相机启动成功
2024-12-26 06:01:54,907 - main - INFO - Starting display loop...
2024-12-26 06:01:56,792 - main - INFO - Display window closed by user
2024-12-26 06:01:56,792 - main - INFO - Cleaning up...
2024-12-26 06:01:56,792 - camera - INFO - 正在停止相机...
2024-12-26 06:01:57,108 - camera - INFO - 相机已停止
2024-12-26 06:01:57,114 - main - INFO - Cleanup completed
2024-12-26 06:19:22,602 - detector - WARNING - 模型文件不存在: models\yolov8n.pt
2024-12-26 06:19:22,603 - detector - INFO - 正在下载YOLOv8n模型...
2024-12-26 06:19:23,375 - detector - INFO - 成功加载模型: models\yolov8n.pt
2024-12-26 06:19:23,375 - main - INFO - Starting camera...
2024-12-26 06:19:25,278 - camera - INFO - 相机设备初始化成功
2024-12-26 06:19:25,278 - camera - INFO - 开始相机捕获循环
2024-12-26 06:19:25,278 - camera - INFO - 相机启动成功
2024-12-26 06:19:25,394 - main - INFO - Starting detection loop...
2024-12-26 06:19:33,928 - main - INFO - Display window closed by user
2024-12-26 06:19:33,928 - main - INFO - Cleaning up...
2024-12-26 06:19:33,928 - camera - INFO - 正在停止相机...
2024-12-26 06:19:34,212 - camera - INFO - 相机已停止
2024-12-26 06:19:34,213 - main - INFO - Cleanup completed
2024-12-26 06:21:32,532 - detector - WARNING - 模型文件不存在: ..models\yolov8n.pt
2024-12-26 06:21:32,532 - detector - INFO - 正在下载YOLOv8n模型...
2024-12-26 06:21:33,009 - detector - INFO - 成功加载模型: ..models\yolov8n.pt
2024-12-26 06:21:33,010 - main - INFO - Starting camera...
2024-12-26 06:21:35,066 - camera - INFO - 相机设备初始化成功
2024-12-26 06:21:35,066 - camera - INFO - 开始相机捕获循环
2024-12-26 06:21:35,066 - camera - INFO - 相机启动成功
2024-12-26 06:21:35,137 - main - INFO - Starting detection loop...
2024-12-26 06:21:39,973 - main - INFO - Display window closed by user
2024-12-26 06:21:39,973 - main - INFO - Cleaning up...
2024-12-26 06:21:39,973 - camera - INFO - 正在停止相机...
2024-12-26 06:21:40,236 - camera - INFO - 相机已停止
2024-12-26 06:21:40,237 - main - INFO - Cleanup completed
2024-12-26 06:24:59,671 - detector - WARNING - 模型文件不存在: ..\..\models\yolov8n.pt
2024-12-26 06:24:59,671 - detector - INFO - 正在下载YOLOv8n模型...
2024-12-26 06:25:00,414 - detector - INFO - 成功加载模型: ..\..\models\yolov8n.pt
2024-12-26 06:25:00,415 - main - INFO - Starting camera...
2024-12-26 06:25:02,455 - camera - INFO - 相机设备初始化成功
2024-12-26 06:25:02,455 - camera - INFO - 开始相机捕获循环
2024-12-26 06:25:02,455 - camera - INFO - 相机启动成功
2024-12-26 06:25:02,533 - main - INFO - Starting detection loop...
2024-12-26 06:25:04,997 - main - INFO - Display window closed by user
2024-12-26 06:25:04,997 - main - INFO - Cleaning up...
2024-12-26 06:25:04,997 - camera - INFO - 正在停止相机...
2024-12-26 06:25:05,298 - camera - INFO - 相机已停止
2024-12-26 06:25:05,299 - main - INFO - Cleanup completed
2024-12-26 06:26:13,994 - detector - INFO - 成功加载模型: ..\..\models\yolov8n.pt
2024-12-26 06:26:13,994 - main - INFO - Starting camera...
2024-12-26 06:26:15,960 - camera - INFO - 相机设备初始化成功
2024-12-26 06:26:15,961 - camera - INFO - 开始相机捕获循环
2024-12-26 06:26:15,961 - camera - INFO - 相机启动成功
2024-12-26 06:26:16,034 - main - INFO - Starting detection loop...
2024-12-26 06:26:21,291 - main - INFO - Display window closed by user
2024-12-26 06:26:21,291 - main - INFO - Cleaning up...
2024-12-26 06:26:21,291 - camera - INFO - 正在停止相机...
2024-12-26 06:26:21,561 - camera - INFO - 相机已停止
2024-12-26 06:26:21,562 - main - INFO - Cleanup completed
2024-12-26 06:26:43,473 - detector - INFO - 成功加载模型: ..\..\models\yolov8n.pt
2024-12-26 06:26:43,473 - main - INFO - Starting camera...
2024-12-26 06:26:45,331 - camera - INFO - 相机设备初始化成功
2024-12-26 06:26:45,332 - camera - INFO - 开始相机捕获循环
2024-12-26 06:26:45,332 - camera - INFO - 相机启动成功
2024-12-26 06:26:45,418 - main - INFO - Starting detection loop...
2024-12-26 06:26:51,719 - main - INFO - Display window closed by user
2024-12-26 06:26:51,719 - main - INFO - Cleaning up...
2024-12-26 06:26:51,719 - camera - INFO - 正在停止相机...
2024-12-26 06:26:52,025 - camera - INFO - 相机已停止
2024-12-26 06:26:52,026 - main - INFO - Cleanup completed
2024-12-26 06:28:35,912 - detector - INFO - 成功加载模型: ..\..\models\yolov8n.pt
2024-12-26 06:28:35,912 - main - INFO - Starting camera...
2024-12-26 06:28:37,866 - camera - INFO - 相机设备初始化成功
2024-12-26 06:28:37,866 - camera - INFO - 开始相机捕获循环
2024-12-26 06:28:37,866 - camera - INFO - 相机启动成功
2024-12-26 06:28:37,954 - main - INFO - Starting detection loop...
2024-12-26 06:28:44,869 - main - INFO - Display window closed by user
2024-12-26 06:28:44,869 - main - INFO - Cleaning up...
2024-12-26 06:28:44,869 - camera - INFO - 正在停止相机...
2024-12-26 06:28:45,159 - camera - INFO - 相机已停止
2024-12-26 06:28:45,160 - main - INFO - Cleanup completed
2024-12-26 06:30:14,549 - detector - INFO - 成功加载模型: ..\..\models\yolov8n.pt
2024-12-26 06:30:14,550 - main - INFO - Starting camera...
2024-12-26 06:30:16,521 - camera - INFO - 相机设备初始化成功
2024-12-26 06:30:16,521 - camera - INFO - 开始相机捕获循环
2024-12-26 06:30:16,521 - camera - INFO - 相机启动成功
2024-12-26 06:30:16,611 - main - INFO - Starting detection loop...
2024-12-26 06:30:23,314 - main - INFO - Display window closed by user
2024-12-26 06:30:23,314 - main - INFO - Cleaning up...
2024-12-26 06:30:23,314 - camera - INFO - 正在停止相机...
2024-12-26 06:30:23,619 - camera - INFO - 相机已停止
2024-12-26 06:30:23,620 - main - INFO - Cleanup completed
2024-12-26 06:30:43,970 - detector - INFO - 成功加载模型: ..\..\models\yolov8n.pt
2024-12-26 06:30:43,970 - main - INFO - Starting camera...
2024-12-26 06:30:45,853 - camera - INFO - 相机设备初始化成功
2024-12-26 06:30:45,854 - camera - INFO - 开始相机捕获循环
2024-12-26 06:30:45,854 - camera - INFO - 相机启动成功
2024-12-26 06:30:45,933 - main - INFO - Starting detection loop...
2024-12-26 06:30:50,078 - main - INFO - Display window closed by user
2024-12-26 06:30:50,078 - main - INFO - Cleaning up...
2024-12-26 06:30:50,078 - camera - INFO - 正在停止相机...
2024-12-26 06:30:50,354 - camera - INFO - 相机已停止
2024-12-26 06:30:50,355 - main - INFO - Cleanup completed
2024-12-26 06:32:27,805 - detector - INFO - 成功加载模型: ..\..\models\yolov8n.pt
2024-12-26 06:32:27,805 - main - INFO - Starting camera...
2024-12-26 06:32:29,751 - camera - INFO - 相机设备初始化成功
2024-12-26 06:32:29,752 - camera - INFO - 开始相机捕获循环
2024-12-26 06:32:29,752 - camera - INFO - 相机启动成功
2024-12-26 06:32:29,842 - main - INFO - Starting detection loop...
2024-12-26 06:32:46,542 - main - INFO - Display window closed by user
2024-12-26 06:32:46,542 - main - INFO - Cleaning up...
2024-12-26 06:32:46,542 - camera - INFO - 正在停止相机...
2024-12-26 06:32:46,818 - camera - INFO - 相机已停止
2024-12-26 06:32:46,819 - main - INFO - Cleanup completed
2024-12-26 06:34:20,583 - detector - INFO - 成功加载模型: ..\..\models\yolov8n.pt
2024-12-26 06:34:20,583 - main - INFO - Starting camera...
2024-12-26 06:34:22,529 - camera - INFO - 相机设备初始化成功
2024-12-26 06:34:22,529 - camera - INFO - 开始相机捕获循环
2024-12-26 06:34:22,529 - camera - INFO - 相机启动成功
2024-12-26 06:34:22,615 - main - INFO - Starting detection loop...
2024-12-26 06:34:31,049 - main - INFO - Display window closed by user
2024-12-26 06:34:31,050 - main - INFO - Cleaning up...
2024-12-26 06:34:31,050 - camera - INFO - 正在停止相机...
2024-12-26 06:34:31,309 - camera - INFO - 相机已停止
2024-12-26 06:34:31,310 - main - INFO - Cleanup completed
